  chatting.cpp
C:\Users\ppjj2\github\Project1\chattingProject\chatting\chatting.cpp(83,14): warning C4267: '초기화 중': 'size_t'에서 'int'(으)로 변환하면서 데이터가 손실될 수 있습니다.
C:\Users\ppjj2\github\Project1\chattingProject\chatting\chatting.cpp(124,16): warning C4267: '초기화 중': 'size_t'에서 'int'(으)로 변환하면서 데이터가 손실될 수 있습니다.
C:\Users\ppjj2\github\Project1\chattingProject\chatting\chatting.cpp(153,51): warning C4267: '인수': 'size_t'에서 'int'(으)로 변환하면서 데이터가 손실될 수 있습니다.
C:\Users\ppjj2\github\Project1\chattingProject\chatting\chatting.cpp(173,51): warning C4267: '인수': 'size_t'에서 'int'(으)로 변환하면서 데이터가 손실될 수 있습니다.
C:\Users\ppjj2\github\Project1\chattingProject\chatting\chatting.cpp(190,51): warning C4267: '인수': 'size_t'에서 'int'(으)로 변환하면서 데이터가 손실될 수 있습니다.
C:\Users\ppjj2\github\Project1\chattingProject\chatting\chatting.cpp(206,51): warning C4267: '인수': 'size_t'에서 'int'(으)로 변환하면서 데이터가 손실될 수 있습니다.
C:\Users\ppjj2\github\Project1\chattingProject\chatting\chatting.cpp(214,49): warning C4267: '인수': 'size_t'에서 'int'(으)로 변환하면서 데이터가 손실될 수 있습니다.
C:\Users\ppjj2\github\Project1\chattingProject\chatting\chatting.cpp(221,49): warning C4267: '인수': 'size_t'에서 'int'(으)로 변환하면서 데이터가 손실될 수 있습니다.
C:\Users\ppjj2\github\Project1\chattingProject\chatting\chatting.cpp(260,48): warning C4267: '인수': 'size_t'에서 'int'(으)로 변환하면서 데이터가 손실될 수 있습니다.
C:\Users\ppjj2\github\Project1\chattingProject\chatting\chatting.cpp(269,18): warning C4553: '==': 식의 결과가 사용되지 않습니다. '='을(를) 의도했습니까?
C:\Users\ppjj2\github\Project1\chattingProject\chatting\chatting.cpp(274,18): warning C4553: '==': 식의 결과가 사용되지 않습니다. '='을(를) 의도했습니까?
C:\Users\ppjj2\github\Project1\chattingProject\chatting\chatting.cpp(295,68): warning C4267: '인수': 'size_t'에서 'int'(으)로 변환하면서 데이터가 손실될 수 있습니다.
C:\Users\ppjj2\github\Project1\chattingProject\chatting\chatting.cpp(307,64): warning C4267: '인수': 'size_t'에서 'int'(으)로 변환하면서 데이터가 손실될 수 있습니다.
C:\Users\ppjj2\github\Project1\chattingProject\chatting\chatting.cpp(365,54): warning C4267: '인수': 'size_t'에서 'int'(으)로 변환하면서 데이터가 손실될 수 있습니다.
C:\Users\ppjj2\github\Project1\chattingProject\chatting\chatting.cpp(406,60): warning C4267: '인수': 'size_t'에서 'int'(으)로 변환하면서 데이터가 손실될 수 있습니다.
C:\Users\ppjj2\github\Project1\chattingProject\chatting\chatting.cpp(481,36): warning C4267: '인수': 'size_t'에서 'int'(으)로 변환하면서 데이터가 손실될 수 있습니다.
  코드를 생성하고 있습니다.
  7 of 915 functions ( 0.8%) were compiled, the rest were copied from previous compilation.
    4 functions were new in current compilation
    32 functions had inline decision re-evaluated but remain unchanged
  코드를 생성했습니다.
  Project1.vcxproj -> C:\Users\ppjj2\github\Project1\chattingProject\x64\Release\Project1.exe
